The optimum total cost for lscm problem is cost = 1134640

The number of modules installed in each period are y [*] :=
 1 1   10 0   19 0   28 1   37 0   46 1   55 1   64 2   73 0   82 1
 2 1   11 0   20 0   29 0   38 1   47 0   56 1   65 0   74 2   83 0
 3 0   12 2   21 1   30 1   39 0   48 0   57 1   66 0   75 0   84 0
 4 2   13 0   22 1   31 1   40 0   49 1   58 0   67 1   76 0   85 1
 5 0   14 0   23 1   32 0   41 1   50 0   59 1   68 0   77 1   86 0
 6 1   15 1   24 1   33 0   42 0   51 2   60 0   69 1   78 0   87 0
 7 0   16 1   25 0   34 1   43 2   52 0   61 0   70 0   79 2   88 1
 8 2   17 2   26 1   35 1   44 0   53 0   62 1   71 2   80 0   89 1
 9 0   18 0   27 1   36 1   45 0   54 0   63 0   72 0   81 0   90 0
;

The production units in each period are x [*] :=
 1 164   11   0   21 135   31 180   41 180   51 360   61   0   71 302   81   0
 2 180   12 357   22 176   32   0   42   0   52   0   62 124   72   0   82 180
 3   0   13   0   23 174   33   0   43 251   53   0   63   0   73   0   83   0
 4 360   14   0   24 146   34 180   44   0   54   0   64 321   74 287   84   0
 5   0   15 180   25   0   35 180   45   0   55 165   65   0   75   0   85 177
 6 180   16 180   26 170   36 180   46 160   56 150   66   0   76   0   86   0
 7   0   17 360   27 163   37   0   47   0   57 180   67 132   77 180   87   0
 8 318   18   0   28 180   38 180   48   0   58   0   68   0   78   0   88 180
 9   0   19   0   29   0   39   0   49 180   59 180   69 180   79 305   89 155
10   0   20   0   30 180   40   0   50   0   60   0   70   0   80   0   90   0
;

The storage inventory in each period are s [*] :=
 0   0   11   0   22   0   33   8   44  46   55   0   66   0   77  62   88   0
 1  30   12 242   23   0   34  39   45   0   56  50   67 112   78   0   89  22
 2  92   13 133   24 115   35  58   46 123   57  81   68  36   79 134   90   0
 3  59   14  26   25   0   36 192   47  43   58   9   69 112   80  78
 4 234   15  97   26   0   37  13   48   5   59 128   70   0   81  10
 5  87   16 151   27  55   38 176   49  99   60  26   71 142   82 144
 6 123   17 336   28  82   39 136   50   5   61   0   72 105   83  40
 7   0   18 192   29  65   40  15   51 251   62  24   73   0   84   0
 8 137   19  70   30  96   41 155   52 157   63   0   74 224   85 162
 9  90   20   0   31 128   42   0   53  76   64 190   75  65   86 101
10  16   21   0   32  81   43 135   54   0   65  91   76  26   87   5
;

